<?xml version="1.0" encoding="UTF-8"?>
<testng-results ignored="0" total="1" passed="1" failed="0" skipped="0">
  <reporter-output>
  </reporter-output>
  <suite started-at="2022-08-29T21:39:50Z" name="Default suite" finished-at="2022-08-29T21:40:13Z" duration-ms="23196">
    <groups>
    </groups>
    <test started-at="2022-08-29T21:39:50Z" name="Default test" finished-at="2022-08-29T21:40:13Z" duration-ms="23196">
      <class name="com.tatacliq.GetProductsDetailsTest.GetProductDetailsTest">
        <test-method signature="getProductDetailsTest()[pri:0, instance:com.tatacliq.GetProductsDetailsTest.GetProductDetailsTest@1ab06251]" started-at="2022-08-29T21:39:50Z" name="getProductDetailsTest" finished-at="2022-08-29T21:40:13Z" duration-ms="23166" status="PASS">
          <reporter-output>
          </reporter-output>
        </test-method> <!-- getProductDetailsTest -->
      </class> <!-- com.tatacliq.GetProductsDetailsTest.GetProductDetailsTest -->
    </test> <!-- Default test -->
  </suite> <!-- Default suite -->
</testng-results>
